-o, --output       set output path with -p
                   (defaults to "/home/bai/ssd/photos")
-p, --proxy        set proxy with -o
                   (defaults to "127.0.0.1:8389")
-m, --max          set max running tasks -o
                   (defaults to "5")
-f, --file         set config json path
                   (defaults to "config.json")
-l, --languages    set language with -l
                   [japanese (default), chinese (default), english]
-e, --excluede     set excluede tags
-t, --task         set task with -t
UserConfig(output: /home/bai/ssd/photos, proxy: 127.0.0.1:8389, languages: [japanese, chinese], maxTasks: 5, exinclude: [novel, yaoi, males only, females only, yuri, artbook, sample, futanari, extraneous ads, ai generated], dateLimit: 2014-01-01)
null task is complite
left task -t Simon -t doujinshi -t manga
-t Simon -t doujinshi -t manga parse result [Character(character: simon), {type:type,name:doujinshi,translate:doujinshi,intro:}, {type:type,name:manga,translate:manga,intro:}, Language(galleryid: null, languageLocalname: null,  name: japanese), Language(galleryid: null, languageLocalname: null,  name: chinese)]
fetch label japanese result 371430
fetch label chinese result 107453
fetch label novel result 4160
fetch label artbook result 4489
fetch label sample result 9570
fetch label extraneous ads result 9125
fetch label females only result 19748
fetch label yuri result 44238
fetch label futanari result 51135
fetch label males only result 60275
fetch label yaoi result 70643
fetch label ai generated result 0
serch result length 78
use language {"galleryid":"2402033","language_localname":"日本語","name":"japanese"}
use language {"galleryid":"1242850","language_localname":"日本語","name":"japanese"}
use language {"galleryid":"487348","language_localname":"日本語","name":"japanese"}
use language {"galleryid":"1103","language_localname":"日本語","name":"japanese"}
use language {"galleryid":"736342","language_localname":"日本語","name":"japanese"}
use language {"galleryid":"5066","language_localname":"日本語","name":"japanese"}
use language {"galleryid":"142554","language_localname":"日本語","name":"japanese"}
use language {"galleryid":"6831","language_localname":"日本語","name":"japanese"}
use language {"galleryid":"142554","language_localname":"日本語","name":"japanese"}
use language {"galleryid":"111290","language_localname":"日本語","name":"japanese"}
use language {"galleryid":"17199","language_localname":"日本語","name":"japanese"}
use language {"galleryid":"2402033","language_localname":"日本語","name":"japanese"}
use language {"galleryid":"142554","language_localname":"日本語","name":"japanese"}
find length 15
down 2394104 to /home/bai/ssd/photos/(zouroku)Giga Drill
下载2394104完成true
down 1242850 to /home/bai/ssd/photos/(nagare hyo-go)サクガンキ
下载1242850完成true
down 1142322 to /home/bai/ssd/photos/(hanaduka ryouji)ニアどりるぶれいく
下载1142322完成true
down 1111925 to /home/bai/ssd/photos/(hyocorou)ひょこ道総集編
下载1111925完成true
down 1073076 to /home/bai/ssd/photos/(amanomiya haruka)まいどオブリガート。
下载1073076完成true
down 1049191 to /home/bai/ssd/photos/(yukimitsu)歳の差ってなんですか!
下载1049191完成true
down 1012999 to /home/bai/ssd/photos/(fujiyama takashi)ドリ乳
下载1012999完成true
down 967529 to /home/bai/ssd/photos/突 ~TOTSUGEKI~
下载967529完成true
down 915964 to /home/bai/ssd/photos/(otone)おっぱい横丁
下载915964完成true
down 903363 to /home/bai/ssd/photos/(kokuu rikishi)ヨーコウスメ
下载903363完成true
down 873328 to /home/bai/ssd/photos/(fujisaka kuuki)DORIDORI!
下载873328完成true
down 841599 to /home/bai/ssd/photos/(otone)おっぱい銀河横丁
下载841599完成true
down 773648 to /home/bai/ssd/photos/(masaharu)ヒロコレ+ラガン
下载773648完成true
down 736342 to /home/bai/ssd/photos/(hamanasu)グレラグレ
下载736342完成true
down 2402033 to /home/bai/ssd/photos/(yucchris)NEAREST
下载2402033完成true
-t Simon -t doujinshi -t manga task is complite
left task 
